#
# There is insufficient memory for the Java Runtime Environment to continue.
# Native memory allocation (malloc) failed to allocate 1404144 bytes for Chunk::new
# Possible reasons:
#   The system is out of physical RAM or swap space
#   The process is running with CompressedOops enabled, and the Java Heap may be blocking the growth of the native heap
# Possible solutions:
#   Reduce memory load on the system
#   Increase physical memory or swap space
#   Check if swap backing store is full
#   Decrease Java heap size (-Xmx/-Xms)
#   Decrease number of Java threads
#   Decrease Java thread stack sizes (-Xss)
#   Set larger code cache with -XX:ReservedCodeCacheSize=
#   JVM is running with Zero Based Compressed Oops mode in which the Java heap is
#     placed in the first 32GB address space. The Java Heap base address is the
#     maximum limit for the native heap growth. Please use -XX:HeapBaseMinAddress
#     to set the Java Heap base and to place the Java Heap above 32GB virtual address.
# This output file may be truncated or incomplete.
#
#  Out of Memory Error (arena.cpp:189), pid=644, tid=5368
#
# JRE version: Java(TM) SE Runtime Environment (17.0.9+11) (build 17.0.9+11-LTS-201)
# Java VM: Java HotSpot(TM) 64-Bit Server VM (17.0.9+11-LTS-201, mixed mode, sharing, tiered, compressed oops, compressed class ptrs, g1 gc, windows-amd64)
# No core dump will be written. Minidumps are not enabled by default on client versions of Windows
#

---------------  S U M M A R Y ------------

Command Line: -Dfile.encoding=x-windows-949 -Duser.country=KR -Duser.language=ko -Duser.variant com.recommerceAPI.RecommerceApiApplication

Host: Intel(R) Core(TM) i5-4590 CPU @ 3.30GHz, 4 cores, 15G,  Windows 10 , 64 bit Build 19041 (10.0.19041.3636)
Time: Mon Apr 29 11:22:39 2024  Windows 10 , 64 bit Build 19041 (10.0.19041.3636) elapsed time: 54.166703 seconds (0d 0h 0m 54s)

---------------  T H R E A D  ---------------

Current thread (0x0000024568c13a00):  JavaThread "C2 CompilerThread0" daemon [_thread_in_native, id=5368, stack(0x0000004a36f00000,0x0000004a37000000)]


Current CompileTask:
C2:  54166 8594       4       java.lang.invoke.LambdaForm$Name::replaceNames (175 bytes)

Stack: [0x0000004a36f00000,0x0000004a37000000]
Native frames: (J=compiled Java code, j=interpreted, Vv=VM code, C=native code)
V  [jvm.dll+0x678a4a]
V  [jvm.dll+0x7d9cfd]
V  [jvm.dll+0x7db60e]
V  [jvm.dll+0x7dbc73]
V  [jvm.dll+0x245e1f]
V  [jvm.dll+0xaaafb]
V  [jvm.dll+0xab09c]
V  [jvm.dll+0x36237e]
V  [jvm.dll+0x1bb94a]
V  [jvm.dll+0x218287]
V  [jvm.dll+0x217561]
V  [jvm.dll+0x1a3bc0]
V  [jvm.dll+0x2272de]
V  [jvm.dll+0x22548b]
V  [jvm.dll+0x78f58c]
V  [jvm.dll+0x78998a]
V  [jvm.dll+0x677875]
C  [ucrtbase.dll+0x21bb2]
C  [KERNEL32.DLL+0x17344]
C  [ntdll.dll+0x526b1]


---------------  P R O C E S S  ---------------

Threads class SMR info:
_java_thread_list=0x0000024572683f50, length=32, elements={
0x0000024568bf7030, 0x0000024568bf7dc0, 0x0000024568c0e370, 0x0000024568c11c60,
0x0000024568c12530, 0x0000024568c12e00, 0x0000024568c13a00, 0x000002456d0547e0,
0x000002456d07de20, 0x000002456d15b940, 0x000002456d1624e0, 0x00000245705f6750,
0x000002456fb65760, 0x000002456f94efd0, 0x000002456f94eac0, 0x000002456f94cc60,
0x000002456f94d680, 0x000002456f94d170, 0x000002456f94c750, 0x000002456f94c240,
0x000002456f94e0a0, 0x000002456f94db90, 0x000002456f94e5b0, 0x000002457199ce30,
0x000002457199ec90, 0x000002457199afd0, 0x000002457199b4e0, 0x000002457199f6b0,
0x000002457199e270, 0x000002457199a0a0, 0x000002457199bf00, 0x000002457139b0a0
}

Java Threads: ( => current thread )
  0x0000024568bf7030 JavaThread "Reference Handler" daemon [_thread_blocked, id=2228, stack(0x0000004a36900000,0x0000004a36a00000)]
  0x0000024568bf7dc0 JavaThread "Finalizer" daemon [_thread_blocked, id=16248, stack(0x0000004a36a00000,0x0000004a36b00000)]
  0x0000024568c0e370 JavaThread "Signal Dispatcher" daemon [_thread_blocked, id=4956, stack(0x0000004a36b00000,0x0000004a36c00000)]
  0x0000024568c11c60 JavaThread "Attach Listener" daemon [_thread_blocked, id=15804, stack(0x0000004a36c00000,0x0000004a36d00000)]
  0x0000024568c12530 JavaThread "Service Thread" daemon [_thread_blocked, id=11392, stack(0x0000004a36d00000,0x0000004a36e00000)]
  0x0000024568c12e00 JavaThread "Monitor Deflation Thread" daemon [_thread_blocked, id=8280, stack(0x0000004a36e00000,0x0000004a36f00000)]
=>0x0000024568c13a00 JavaThread "C2 CompilerThread0" daemon [_thread_in_native, id=5368, stack(0x0000004a36f00000,0x0000004a37000000)]
  0x000002456d0547e0 JavaThread "C1 CompilerThread0" daemon [_thread_blocked, id=14344, stack(0x0000004a37000000,0x0000004a37100000)]
  0x000002456d07de20 JavaThread "Sweeper thread" daemon [_thread_blocked, id=6584, stack(0x0000004a37100000,0x0000004a37200000)]
  0x000002456d15b940 JavaThread "Notification Thread" daemon [_thread_blocked, id=384, stack(0x0000004a37200000,0x0000004a37300000)]
  0x000002456d1624e0 JavaThread "Common-Cleaner" daemon [_thread_blocked, id=9200, stack(0x0000004a37400000,0x0000004a37500000)]
  0x00000245705f6750 JavaThread "Catalina-utility-1" [_thread_blocked, id=7632, stack(0x0000004a37b00000,0x0000004a37c00000)]
  0x000002456fb65760 JavaThread "Catalina-utility-2" [_thread_blocked, id=9040, stack(0x0000004a37c00000,0x0000004a37d00000)]
  0x000002456f94efd0 JavaThread "container-0" [_thread_blocked, id=15640, stack(0x0000004a37d00000,0x0000004a37e00000)]
  0x000002456f94eac0 JavaThread "HikariPool-1 housekeeper" daemon [_thread_blocked, id=3928, stack(0x0000004a37f00000,0x0000004a38000000)]
  0x000002456f94cc60 JavaThread "File Watcher" daemon [_thread_in_native, id=15404, stack(0x0000004a38000000,0x0000004a38100000)]
  0x000002456f94d680 JavaThread "Live Reload Server" daemon [_thread_in_native, id=12888, stack(0x0000004a38200000,0x0000004a38300000)]
  0x000002456f94d170 JavaThread "http-nio-8080-exec-1" daemon [_thread_blocked, id=14740, stack(0x0000004a38100000,0x0000004a38200000)]
  0x000002456f94c750 JavaThread "http-nio-8080-exec-2" daemon [_thread_blocked, id=11628, stack(0x0000004a38300000,0x0000004a38400000)]
  0x000002456f94c240 JavaThread "http-nio-8080-exec-3" daemon [_thread_in_native, id=4688, stack(0x0000004a38400000,0x0000004a38500000)]
  0x000002456f94e0a0 JavaThread "http-nio-8080-exec-4" daemon [_thread_blocked, id=4572, stack(0x0000004a38500000,0x0000004a38600000)]
  0x000002456f94db90 JavaThread "http-nio-8080-exec-5" daemon [_thread_in_Java, id=11816, stack(0x0000004a38600000,0x0000004a38700000)]
  0x000002456f94e5b0 JavaThread "http-nio-8080-exec-6" daemon [_thread_blocked, id=11092, stack(0x0000004a38700000,0x0000004a38800000)]
  0x000002457199ce30 JavaThread "http-nio-8080-exec-7" daemon [_thread_blocked, id=9472, stack(0x0000004a38800000,0x0000004a38900000)]
  0x000002457199ec90 JavaThread "http-nio-8080-exec-8" daemon [_thread_blocked, id=6912, stack(0x0000004a38900000,0x0000004a38a00000)]
  0x000002457199afd0 JavaThread "http-nio-8080-exec-9" daemon [_thread_blocked, id=6404, stack(0x0000004a38a00000,0x0000004a38b00000)]
  0x000002457199b4e0 JavaThread "http-nio-8080-exec-10" daemon [_thread_blocked, id=15248, stack(0x0000004a38b00000,0x0000004a38c00000)]
  0x000002457199f6b0 JavaThread "http-nio-8080-Poller" daemon [_thread_in_native, id=15632, stack(0x0000004a38c00000,0x0000004a38d00000)]
  0x000002457199e270 JavaThread "http-nio-8080-Acceptor" daemon [_thread_in_native, id=9556, stack(0x0000004a38d00000,0x0000004a38e00000)]
  0x000002457199a0a0 JavaThread "scheduling-1" [_thread_blocked, id=8032, stack(0x0000004a38e00000,0x0000004a38f00000)]
  0x000002457199bf00 JavaThread "DestroyJavaVM" [_thread_blocked, id=8288, stack(0x0000004a36200000,0x0000004a36300000)]
  0x000002457139b0a0 JavaThread "C2 CompilerThread1" daemon [_thread_in_native, id=6980, stack(0x0000004a37900000,0x0000004a37a00000)]

Other Threads:
  0x0000024568bf22c0 VMThread "VM Thread" [stack: 0x0000004a36800000,0x0000004a36900000] [id=3644]
  0x000002456d161e40 WatcherThread [stack: 0x0000004a37300000,0x0000004a37400000] [id=8236]
  0x000002454674a7c0 GCTaskThread "GC Thread#0" [stack: 0x0000004a36300000,0x0000004a36400000] [id=13512]
  0x000002456db1f440 GCTaskThread "GC Thread#1" [stack: 0x0000004a37600000,0x0000004a37700000] [id=6112]
  0x000002456d9f4c80 GCTaskThread "GC Thread#2" [stack: 0x0000004a37700000,0x0000004a37800000] [id=14852]
  0x000002456d9f4f40 GCTaskThread "GC Thread#3" [stack: 0x0000004a37800000,0x0000004a37900000] [id=10936]
  0x000002454675c900 ConcurrentGCThread "G1 Main Marker" [stack: 0x0000004a36400000,0x0000004a36500000] [id=5948]
  0x000002454675d9d0 ConcurrentGCThread "G1 Conc#0" [stack: 0x0000004a36500000,0x0000004a36600000] [id=10968]
  0x0000024568aa60f0 ConcurrentGCThread "G1 Refine#0" [stack: 0x0000004a36600000,0x0000004a36700000] [id=10820]
  0x00000245724b9b60 ConcurrentGCThread "G1 Refine#1" [stack: 0x0000004a38f00000,0x0000004a39000000] [id=13116]
  0x0000024568aa6a30 ConcurrentGCThread "G1 Service" [stack: 0x0000004a36700000,0x0000004a36800000] [id=4108]

Threads with active compile tasks:
C2 CompilerThread0    54210 8594       4       java.lang.invoke.LambdaForm$Name::replaceNames (175 bytes)
C2 CompilerThread1    54210 8668       4       java.lang.invoke.MemberName::getInvocationType (56 bytes)

VM state: not at safepoint (normal execution)

VM Mutex/Monitor currently owned by a thread: None

Heap address: 0x0000000701200000, size: 4078 MB, Compressed Oops mode: Zero based, Oop shift amount: 3

CDS archive(s) mapped at: [0x0000024500000000-0x0000024500bd0000-0x0000024500bd0000), size 12386304, SharedBaseAddress: 0x0000024500000000, ArchiveRelocationMode: 1.
Compressed class space mapped at: 0x0000024501000000-0x0000024541000000, reserved size: 1073741824
Narrow klass base: 0x0000024500000000, Narrow klass shift: 0, Narrow klass range: 0x100000000

GC Precious Log:
 CPUs: 4 total, 4 available
 Memory: 16305M
 Large Page Support: Disabled
 NUMA Support: Disabled
 Compressed Oops: Enabled (Zero based)
 Heap Region Size: 2M
 Heap Min Capacity: 8M
 Heap Initial Capacity: 256M
 Heap Max Capacity: 4078M
 Pre-touch: Disabled
 Parallel Workers: 4
 Concurrent Workers: 1
 Concurrent Refinement Workers: 4
 Periodic GC: Disabled

Heap:
 garbage-first heap   total 120832K, used 64200K [0x0000000701200000, 0x0000000800000000)
  region size 2048K, 18 young (36864K), 4 survivors (8192K)
 Metaspace       used 76870K, committed 77504K, reserved 1179648K
  class space    used 10758K, committed 11072K, reserved 1048576K

Heap Regions: E=young(eden), S=young(survivor), O=old, HS=humongous(starts), HC=humongous(continues), CS=collection set, F=free, OA=open archive, CA=closed archive, TAMS=top-at-mark-start (previous, next)
|   0|0x0000000701200000, 0x0000000701400000, 0x0000000701400000|100%| O|  |TAMS 0x0000000701400000, 0x0000000701200000| Untracked 
|   1|0x0000000701400000, 0x0000000701600000, 0x0000000701600000|100%| O|  |TAMS 0x0000000701600000, 0x0000000701400000| Untracked 
|   2|0x0000000701600000, 0x0000000701800000, 0x0000000701800000|100%| O|  |TAMS 0x0000000701800000, 0x0000000701600000| Untracked 
|   3|0x0000000701800000, 0x0000000701a00000, 0x0000000701a00000|100%| O|  |TAMS 0x0000000701a00000, 0x0000000701800000| Untracked 
|   4|0x0000000701a00000, 0x0000000701c00000, 0x0000000701c00000|100%| O|  |TAMS 0x0000000701c00000, 0x0000000701a00000| Untracked 
|   5|0x0000000701c00000, 0x0000000701e00000, 0x0000000701e00000|100%| O|  |TAMS 0x0000000701e00000, 0x0000000701c00000| Untracked 
|   6|0x0000000701e00000, 0x0000000702000000, 0x0000000702000000|100%| O|  |TAMS 0x0000000702000000, 0x0000000701e00000| Untracked 
|   7|0x0000000702000000, 0x0000000702200000, 0x0000000702200000|100%| O|  |TAMS 0x0000000702200000, 0x0000000702000000| Untracked 
|   8|0x0000000702200000, 0x0000000702400000, 0x0000000702400000|100%| O|  |TAMS 0x0000000702400000, 0x0000000702200000| Untracked 
|   9|0x0000000702400000, 0x0000000702600000, 0x0000000702600000|100%| O|  |TAMS 0x0000000702400000, 0x0000000702400000| Untracked 
|  10|0x0000000702600000, 0x0000000702800000, 0x0000000702800000|100%| O|  |TAMS 0x0000000702800000, 0x0000000702600000| Untracked 
|  11|0x0000000702800000, 0x0000000702a00000, 0x0000000702a00000|100%| O|  |TAMS 0x0000000702a00000, 0x0000000702800000| Untracked 
|  12|0x0000000702a00000, 0x0000000702c00000, 0x0000000702c00000|100%| O|  |TAMS 0x0000000702a6b800, 0x0000000702a00000| Untracked 
|  13|0x0000000702c00000, 0x0000000702e00000, 0x0000000702e00000|100%| O|  |TAMS 0x0000000702c00000, 0x0000000702c00000| Untracked 
|  14|0x0000000702e00000, 0x0000000703000000, 0x0000000703000000|100%| O|  |TAMS 0x0000000702e00000, 0x0000000702e00000| Untracked 
|  15|0x0000000703000000, 0x00000007030b2200, 0x0000000703200000| 34%| O|  |TAMS 0x0000000703000000, 0x0000000703000000| Untracked 
|  16|0x0000000703200000, 0x0000000703200000, 0x0000000703400000|  0%| F|  |TAMS 0x0000000703200000, 0x0000000703200000| Untracked 
|  17|0x0000000703400000, 0x0000000703400000, 0x0000000703600000|  0%| F|  |TAMS 0x0000000703400000, 0x0000000703400000| Untracked 
|  18|0x0000000703600000, 0x0000000703600000, 0x0000000703800000|  0%| F|  |TAMS 0x0000000703600000, 0x0000000703600000| Untracked 
|  19|0x0000000703800000, 0x0000000703800000, 0x0000000703a00000|  0%| F|  |TAMS 0x0000000703800000, 0x0000000703800000| Untracked 
|  20|0x0000000703a00000, 0x0000000703a00000, 0x0000000703c00000|  0%| F|  |TAMS 0x0000000703a00000, 0x0000000703a00000| Untracked 
|  21|0x0000000703c00000, 0x0000000703c00000, 0x0000000703e00000|  0%| F|  |TAMS 0x0000000703c00000, 0x0000000703c00000| Untracked 
|  22|0x0000000703e00000, 0x0000000703e00000, 0x0000000704000000|  0%| F|  |TAMS 0x0000000703e00000, 0x0000000703e00000| Untracked 
|  23|0x0000000704000000, 0x0000000704000000, 0x0000000704200000|  0%| F|  |TAMS 0x0000000704000000, 0x0000000704000000| Untracked 
|  24|0x0000000704200000, 0x0000000704200000, 0x0000000704400000|  0%| F|  |TAMS 0x0000000704200000, 0x0000000704200000| Untracked 
|  25|0x0000000704400000, 0x0000000704600000, 0x0000000704600000|100%| S|CS|TAMS 0x0000000704400000, 0x0000000704400000| Complete 
|  26|0x0000000704600000, 0x0000000704800000, 0x0000000704800000|100%| S|CS|TAMS 0x0000000704600000, 0x0000000704600000| Complete 
|  27|0x0000000704800000, 0x0000000704a00000, 0x0000000704a00000|100%| S|CS|TAMS 0x0000000704800000, 0x0000000704800000| Complete 
|  28|0x0000000704a00000, 0x0000000704c00000, 0x0000000704c00000|100%| S|CS|TAMS 0x0000000704a00000, 0x0000000704a00000| Complete 
|  29|0x0000000704c00000, 0x0000000704c00000, 0x0000000704e00000|  0%| F|  |TAMS 0x0000000704c00000, 0x0000000704c00000| Untracked 
|  30|0x0000000704e00000, 0x0000000704e00000, 0x0000000705000000|  0%| F|  |TAMS 0x0000000704e00000, 0x0000000704e00000| Untracked 
|  31|0x0000000705000000, 0x0000000705000000, 0x0000000705200000|  0%| F|  |TAMS 0x0000000705000000, 0x0000000705000000| Untracked 
|  32|0x0000000705200000, 0x0000000705200000, 0x0000000705400000|  0%| F|  |TAMS 0x0000000705200000, 0x0000000705200000| Untracked 
|  33|0x0000000705400000, 0x0000000705400000, 0x0000000705600000|  0%| F|  |TAMS 0x0000000705400000, 0x0000000705400000| Untracked 
|  34|0x0000000705600000, 0x0000000705600000, 0x0000000705800000|  0%| F|  |TAMS 0x0000000705600000, 0x0000000705600000| Untracked 
|  35|0x0000000705800000, 0x0000000705800000, 0x0000000705a00000|  0%| F|  |TAMS 0x0000000705800000, 0x0000000705800000| Untracked 
|  36|0x0000000705a00000, 0x0000000705a00000, 0x0000000705c00000|  0%| F|  |TAMS 0x0000000705a00000, 0x0000000705a00000| Untracked 
|  37|0x0000000705c00000, 0x0000000705c00000, 0x0000000705e00000|  0%| F|  |TAMS 0x0000000705c00000, 0x0000000705c00000| Untracked 
|  38|0x0000000705e00000, 0x0000000705e00000, 0x0000000706000000|  0%| F|  |TAMS 0x0000000705e00000, 0x0000000705e00000| Untracked 
|  39|0x0000000706000000, 0x0000000706000000, 0x0000000706200000|  0%| F|  |TAMS 0x0000000706000000, 0x0000000706000000| Untracked 
|  40|0x0000000706200000, 0x0000000706200000, 0x0000000706400000|  0%| F|  |TAMS 0x0000000706200000, 0x0000000706200000| Untracked 
|  41|0x0000000706400000, 0x0000000706400000, 0x0000000706600000|  0%| F|  |TAMS 0x0000000706400000, 0x0000000706400000| Untracked 
|  42|0x0000000706600000, 0x0000000706600000, 0x0000000706800000|  0%| F|  |TAMS 0x0000000706600000, 0x0000000706600000| Untracked 
|  43|0x0000000706800000, 0x0000000706800000, 0x0000000706a00000|  0%| F|  |TAMS 0x0000000706800000, 0x0000000706800000| Untracked 
|  44|0x0000000706a00000, 0x0000000706a00000, 0x0000000706c00000|  0%| F|  |TAMS 0x0000000706a00000, 0x0000000706a00000| Untracked 
|  45|0x0000000706c00000, 0x0000000706d337b0, 0x0000000706e00000| 60%| E|  |TAMS 0x0000000706c00000, 0x0000000706c00000| Complete 
|  46|0x0000000706e00000, 0x0000000707000000, 0x0000000707000000|100%| E|  |TAMS 0x0000000706e00000, 0x0000000706e00000| Complete 
|  47|0x0000000707000000, 0x0000000707200000, 0x0000000707200000|100%| E|CS|TAMS 0x0000000707000000, 0x0000000707000000| Complete 
|  48|0x0000000707200000, 0x0000000707400000, 0x0000000707400000|100%| E|CS|TAMS 0x0000000707200000, 0x0000000707200000| Complete 
|  49|0x0000000707400000, 0x0000000707600000, 0x0000000707600000|100%| E|CS|TAMS 0x0000000707400000, 0x0000000707400000| Complete 
|  50|0x0000000707600000, 0x0000000707800000, 0x0000000707800000|100%| E|CS|TAMS 0x0000000707600000, 0x0000000707600000| Complete 
|  51|0x0000000707800000, 0x0000000707a00000, 0x0000000707a00000|100%| E|CS|TAMS 0x0000000707800000, 0x0000000707800000| Complete 
|  52|0x0000000707a00000, 0x0000000707c00000, 0x0000000707c00000|100%| E|CS|TAMS 0x0000000707a00000, 0x0000000707a00000| Complete 
|  80|0x000000070b200000, 0x000000070b400000, 0x000000070b400000|100%| E|CS|TAMS 0x000000070b200000, 0x000000070b200000| Complete 
|  81|0x000000070b400000, 0x000000070b600000, 0x000000070b600000|100%| E|CS|TAMS 0x000000070b400000, 0x000000070b400000| Complete 
|  82|0x000000070b600000, 0x000000070b800000, 0x000000070b800000|100%| E|CS|TAMS 0x000000070b600000, 0x000000070b600000| Complete 
|  83|0x000000070b800000, 0x000000070ba00000, 0x000000070ba00000|100%| E|CS|TAMS 0x000000070b800000, 0x000000070b800000| Complete 
|  84|0x000000070ba00000, 0x000000070bc00000, 0x000000070bc00000|100%| E|CS|TAMS 0x000000070ba00000, 0x000000070ba00000| Complete 
| 127|0x0000000711000000, 0x0000000711200000, 0x0000000711200000|100%| E|CS|TAMS 0x0000000711000000, 0x0000000711000000| Complete 

Card table byte_map: [0x000002455d770000,0x000002455df70000] _byte_map_base: 0x0000024559f67000

Marking Bits (Prev, Next): (CMBitMap*) 0x000002454674c140, (CMBitMap*) 0x000002454674c100
 Prev Bits: [0x0000024562730000, 0x00000245666e8000)
 Next Bits: [0x000002455e770000, 0x0000024562728000)

Polling page: 0x0000024545ea0000

Metaspace:

Usage:
  Non-class:     64.58 MB used.
      Class:     10.51 MB used.
       Both:     75.09 MB used.

Virtual space:
  Non-class space:      128.00 MB reserved,      64.88 MB ( 51%) committed,  2 nodes.
      Class space:        1.00 GB reserved,      10.81 MB (  1%) committed,  1 nodes.
             Both:        1.12 GB reserved,      75.69 MB (  7%) committed. 

Chunk freelists:
   Non-Class:  14.27 MB
       Class:  5.11 MB
        Both:  19.38 MB

MaxMetaspaceSize: unlimited
CompressedClassSpaceSize: 1.00 GB
Initial GC threshold: 21.00 MB
Current GC threshold: 98.75 MB
CDS: on
MetaspaceReclaimPolicy: balanced
 - commit_granule_bytes: 65536.
 - commit_granule_words: 8192.
 - virtual_space_node_default_size: 8388608.
 - enlarge_chunks_in_place: 1.
 - new_chunks_are_fully_committed: 0.
 - uncommit_free_chunks: 1.
 - use_allocation_guard: 0.
 - handle_deallocations: 1.


Internal statistics:

num_allocs_failed_limit: 9.
num_arena_births: 902.
num_arena_deaths: 0.
num_vsnodes_births: 3.
num_vsnodes_deaths: 0.
num_space_committed: 1211.
num_space_uncommitted: 0.
num_chunks_returned_to_freelist: 9.
num_chunks_taken_from_freelist: 3819.
num_chunk_merges: 9.
num_chunk_splits: 2749.
num_chunks_enlarged: 2120.
num_inconsistent_stats: 0.

CodeHeap 'non-profiled nmethods': size=120000Kb used=4296Kb max_used=5379Kb free=115703Kb
 bounds [0x0000024555a40000, 0x0000024555f90000, 0x000002455cf70000]
CodeHeap 'profiled nmethods': size=120000Kb used=12863Kb max_used=14871Kb free=107136Kb
 bounds [0x000002454df70000, 0x000002454ee00000, 0x00000245554a0000]
CodeHeap 'non-nmethods': size=5760Kb used=1366Kb max_used=1420Kb free=4393Kb
 bounds [0x00000245554a0000, 0x0000024555710000, 0x0000024555a40000]
 total_blobs=7848 nmethods=7154 adapters=605
 compilation: enabled
              stopped_count=0, restarted_count=0
 full_count=0

Compilation events (20 events):
Event: 54.088 Thread 0x000002457139b0a0 nmethod 8662 0x0000024555f7f410 code [0x0000024555f7f600, 0x0000024555f7fea8]
Event: 54.088 Thread 0x000002457139b0a0 8668       4       java.lang.invoke.MemberName::getInvocationType (56 bytes)
Event: 54.095 Thread 0x000002456d0547e0 8671       3       org.springframework.core.annotation.AnnotationTypeMapping::processAliases (199 bytes)
Event: 54.096 Thread 0x000002456d0547e0 nmethod 8671 0x000002454edf4510 code [0x000002454edf47a0, 0x000002454edf5598]
Event: 54.096 Thread 0x000002456d0547e0 8676       3       org.springframework.core.annotation.AnnotationTypeMapping::resolveAliasTarget (8 bytes)
Event: 54.096 Thread 0x000002456d0547e0 nmethod 8676 0x000002454edf5c10 code [0x000002454edf5da0, 0x000002454edf5ee8]
Event: 54.096 Thread 0x000002456d0547e0 8675       1       org.springframework.core.annotation.AnnotationTypeMapping$MirrorSets$MirrorSet::size (5 bytes)
Event: 54.096 Thread 0x000002456d0547e0 nmethod 8675 0x0000024555f80610 code [0x0000024555f807a0, 0x0000024555f80878]
Event: 54.129 Thread 0x000002456d0547e0 8678       1       org.apache.tomcat.util.buf.AbstractChunk::getStart (5 bytes)
Event: 54.129 Thread 0x000002456d0547e0 nmethod 8678 0x0000024555f80910 code [0x0000024555f80aa0, 0x0000024555f80b78]
Event: 54.157 Thread 0x000002456d0547e0 8679       3       java.lang.invoke.MethodHandle::asCollectorChecks (74 bytes)
Event: 54.157 Thread 0x000002456d0547e0 nmethod 8679 0x000002454e310c90 code [0x000002454e310ea0, 0x000002454e311538]
Event: 54.160 Thread 0x000002456d0547e0 8680       3       sun.reflect.generics.parser.SignatureParser::parseMethodTypeSignature (41 bytes)
Event: 54.161 Thread 0x000002456d0547e0 nmethod 8680 0x000002454df72010 code [0x000002454df72240, 0x000002454df72778]
Event: 54.161 Thread 0x000002456d0547e0 8681       1       sun.reflect.generics.reflectiveObjects.LazyReflectiveObjectGenerator::getFactory (5 bytes)
Event: 54.161 Thread 0x000002456d0547e0 nmethod 8681 0x0000024555b79390 code [0x0000024555b79520, 0x0000024555b795f8]
Event: 54.163 Thread 0x000002456d0547e0 8683       3       jdk.internal.loader.URLClassPath::findResources (11 bytes)
Event: 54.164 Thread 0x000002456d0547e0 nmethod 8683 0x000002454e12bf90 code [0x000002454e12c140, 0x000002454e12c438]
Event: 54.164 Thread 0x000002456d0547e0 8684       3       jdk.internal.loader.URLClassPath$1::<init> (30 bytes)
Event: 54.164 Thread 0x000002456d0547e0 nmethod 8684 0x000002454dfc1690 code [0x000002454dfc1840, 0x000002454dfc1ab8]

GC Heap History (20 events):
Event: 6.203 GC heap before
{Heap before GC invocations=12 (full 0):
 garbage-first heap   total 69632K, used 26173K [0x0000000701200000, 0x0000000800000000)
  region size 2048K, 3 young (6144K), 2 survivors (4096K)
 Metaspace       used 42828K, committed 43328K, reserved 1114112K
  class space    used 5654K, committed 5888K, reserved 1048576K
}
Event: 6.207 GC heap after
{Heap after GC invocations=13 (full 0):
 garbage-first heap   total 69632K, used 23498K [0x0000000701200000, 0x0000000800000000)
  region size 2048K, 1 young (2048K), 1 survivors (2048K)
 Metaspace       used 42828K, committed 43328K, reserved 1114112K
  class space    used 5654K, committed 5888K, reserved 1048576K
}
Event: 6.955 GC heap before
{Heap before GC invocations=13 (full 0):
 garbage-first heap   total 69632K, used 48074K [0x0000000701200000, 0x0000000800000000)
  region size 2048K, 14 young (28672K), 1 survivors (2048K)
 Metaspace       used 49406K, committed 49856K, reserved 1114112K
  class space    used 6593K, committed 6784K, reserved 1048576K
}
Event: 6.958 GC heap after
{Heap after GC invocations=14 (full 0):
 garbage-first heap   total 100352K, used 24398K [0x0000000701200000, 0x0000000800000000)
  region size 2048K, 1 young (2048K), 1 survivors (2048K)
 Metaspace       used 49406K, committed 49856K, reserved 1114112K
  class space    used 6593K, committed 6784K, reserved 1048576K
}
Event: 10.368 GC heap before
{Heap before GC invocations=14 (full 0):
 garbage-first heap   total 100352K, used 73550K [0x0000000701200000, 0x0000000800000000)
  region size 2048K, 26 young (53248K), 1 survivors (2048K)
 Metaspace       used 57256K, committed 57792K, reserved 1114112K
  class space    used 7736K, committed 8000K, reserved 1048576K
}
Event: 10.373 GC heap after
{Heap after GC invocations=15 (full 0):
 garbage-first heap   total 100352K, used 26858K [0x0000000701200000, 0x0000000800000000)
  region size 2048K, 2 young (4096K), 2 survivors (4096K)
 Metaspace       used 57256K, committed 57792K, reserved 1114112K
  class space    used 7736K, committed 8000K, reserved 1048576K
}
Event: 10.685 GC heap before
{Heap before GC invocations=15 (full 0):
 garbage-first heap   total 100352K, used 45290K [0x0000000701200000, 0x0000000800000000)
  region size 2048K, 12 young (24576K), 2 survivors (4096K)
 Metaspace       used 59872K, committed 60416K, reserved 1114112K
  class space    used 8121K, committed 8384K, reserved 1048576K
}
Event: 10.689 GC heap after
{Heap after GC invocations=16 (full 0):
 garbage-first heap   total 100352K, used 27815K [0x0000000701200000, 0x0000000800000000)
  region size 2048K, 3 young (6144K), 3 survivors (6144K)
 Metaspace       used 59872K, committed 60416K, reserved 1114112K
  class space    used 8121K, committed 8384K, reserved 1048576K
}
Event: 11.237 GC heap before
{Heap before GC invocations=17 (full 0):
 garbage-first heap   total 100352K, used 74919K [0x0000000701200000, 0x0000000800000000)
  region size 2048K, 27 young (55296K), 3 survivors (6144K)
 Metaspace       used 63647K, committed 64256K, reserved 1114112K
  class space    used 8917K, committed 9216K, reserved 1048576K
}
Event: 11.244 GC heap after
{Heap after GC invocations=18 (full 0):
 garbage-first heap   total 100352K, used 32192K [0x0000000701200000, 0x0000000800000000)
  region size 2048K, 4 young (8192K), 4 survivors (8192K)
 Metaspace       used 63647K, committed 64256K, reserved 1114112K
  class space    used 8917K, committed 9216K, reserved 1048576K
}
Event: 11.456 GC heap before
{Heap before GC invocations=18 (full 0):
 garbage-first heap   total 100352K, used 77248K [0x0000000701200000, 0x0000000800000000)
  region size 2048K, 26 young (53248K), 4 survivors (8192K)
 Metaspace       used 64007K, committed 64640K, reserved 1114112K
  class space    used 8976K, committed 9280K, reserved 1048576K
}
Event: 11.463 GC heap after
{Heap after GC invocations=19 (full 0):
 garbage-first heap   total 100352K, used 33378K [0x0000000701200000, 0x0000000800000000)
  region size 2048K, 2 young (4096K), 2 survivors (4096K)
 Metaspace       used 64007K, committed 64640K, reserved 1114112K
  class space    used 8976K, committed 9280K, reserved 1048576K
}
Event: 11.712 GC heap before
{Heap before GC invocations=19 (full 0):
 garbage-first heap   total 100352K, used 78434K [0x0000000701200000, 0x0000000800000000)
  region size 2048K, 24 young (49152K), 2 survivors (4096K)
 Metaspace       used 64987K, committed 65600K, reserved 1114112K
  class space    used 9170K, committed 9472K, reserved 1048576K
}
Event: 11.715 GC heap after
{Heap after GC invocations=20 (full 0):
 garbage-first heap   total 100352K, used 32829K [0x0000000701200000, 0x0000000800000000)
  region size 2048K, 2 young (4096K), 2 survivors (4096K)
 Metaspace       used 64987K, committed 65600K, reserved 1114112K
  class space    used 9170K, committed 9472K, reserved 1048576K
}
Event: 11.941 GC heap before
{Heap before GC invocations=20 (full 0):
 garbage-first heap   total 100352K, used 77885K [0x0000000701200000, 0x0000000800000000)
  region size 2048K, 24 young (49152K), 2 survivors (4096K)
 Metaspace       used 65577K, committed 66176K, reserved 1114112K
  class space    used 9219K, committed 9536K, reserved 1048576K
}
Event: 11.944 GC heap after
{Heap after GC invocations=21 (full 0):
 garbage-first heap   total 100352K, used 33994K [0x0000000701200000, 0x0000000800000000)
  region size 2048K, 2 young (4096K), 2 survivors (4096K)
 Metaspace       used 65577K, committed 66176K, reserved 1114112K
  class space    used 9219K, committed 9536K, reserved 1048576K
}
Event: 12.470 GC heap before
{Heap before GC invocations=21 (full 0):
 garbage-first heap   total 100352K, used 81098K [0x0000000701200000, 0x0000000800000000)
  region size 2048K, 25 young (51200K), 2 survivors (4096K)
 Metaspace       used 67994K, committed 68608K, reserved 1114112K
  class space    used 9557K, committed 9856K, reserved 1048576K
}
Event: 12.476 GC heap after
{Heap after GC invocations=22 (full 0):
 garbage-first heap   total 120832K, used 36130K [0x0000000701200000, 0x0000000800000000)
  region size 2048K, 3 young (6144K), 3 survivors (6144K)
 Metaspace       used 67994K, committed 68608K, reserved 1114112K
  class space    used 9557K, committed 9856K, reserved 1048576K
}
Event: 13.411 GC heap before
{Heap before GC invocations=22 (full 0):
 garbage-first heap   total 120832K, used 97570K [0x0000000701200000, 0x0000000800000000)
  region size 2048K, 33 young (67584K), 3 survivors (6144K)
 Metaspace       used 72625K, committed 73216K, reserved 1114112K
  class space    used 10211K, committed 10496K, reserved 1048576K
}
Event: 13.421 GC heap after
{Heap after GC invocations=23 (full 0):
 garbage-first heap   total 120832K, used 39624K [0x0000000701200000, 0x0000000800000000)
  region size 2048K, 4 young (8192K), 4 survivors (8192K)
 Metaspace       used 72625K, committed 73216K, reserved 1114112K
  class space    used 10211K, committed 10496K, reserved 1048576K
}

Deoptimization events (20 events):
Event: 54.044 Thread 0x000002456f94c240 DEOPT PACKING pc=0x0000024555aae71c sp=0x0000004a384fdb00
Event: 54.044 Thread 0x000002456f94c750 DEOPT PACKING pc=0x0000024555aae71c sp=0x0000004a383fdf40
Event: 54.044 Thread 0x000002456f94c240 DEOPT UNPACKING pc=0x00000245554f23a3 sp=0x0000004a384fda38 mode 2
Event: 54.044 Thread 0x000002456f94c750 DEOPT UNPACKING pc=0x00000245554f23a3 sp=0x0000004a383fde78 mode 2
Event: 54.044 Thread 0x000002456f94c240 Uncommon trap: trap_request=0xffffff45 fr.pc=0x0000024555ac0b54 relative=0x00000000000001d4
Event: 54.044 Thread 0x000002456f94c750 Uncommon trap: trap_request=0xffffff45 fr.pc=0x0000024555ac0b54 relative=0x00000000000001d4
Event: 54.044 Thread 0x000002456f94c240 Uncommon trap: reason=unstable_if action=reinterpret pc=0x0000024555ac0b54 method=java.lang.String.indexOf(Ljava/lang/String;)I @ 10 c2
Event: 54.044 Thread 0x000002456f94c750 Uncommon trap: reason=unstable_if action=reinterpret pc=0x0000024555ac0b54 method=java.lang.String.indexOf(Ljava/lang/String;)I @ 10 c2
Event: 54.044 Thread 0x000002456f94c240 DEOPT PACKING pc=0x0000024555ac0b54 sp=0x0000004a384fda90
Event: 54.044 Thread 0x000002456f94c240 DEOPT UNPACKING pc=0x00000245554f23a3 sp=0x0000004a384fda30 mode 2
Event: 54.044 Thread 0x000002456f94c750 DEOPT PACKING pc=0x0000024555ac0b54 sp=0x0000004a383fded0
Event: 54.044 Thread 0x000002456f94c750 DEOPT UNPACKING pc=0x00000245554f23a3 sp=0x0000004a383fde70 mode 2
Event: 54.074 Thread 0x000002456f94c240 Uncommon trap: trap_request=0xffffff45 fr.pc=0x0000024555bc53c0 relative=0x0000000000000280
Event: 54.074 Thread 0x000002456f94c240 Uncommon trap: reason=unstable_if action=reinterpret pc=0x0000024555bc53c0 method=org.springframework.util.AntPathMatcher.skipSegment(Ljava/lang/String;ILjava/lang/String;)I @ 47 c2
Event: 54.075 Thread 0x000002456f94c240 DEOPT PACKING pc=0x0000024555bc53c0 sp=0x0000004a384fce50
Event: 54.075 Thread 0x000002456f94c240 DEOPT UNPACKING pc=0x00000245554f23a3 sp=0x0000004a384fcdc8 mode 2
Event: 54.128 Thread 0x000002456f94c240 Uncommon trap: trap_request=0xffffffde fr.pc=0x0000024555b7d270 relative=0x0000000000000150
Event: 54.128 Thread 0x000002456f94c240 Uncommon trap: reason=class_check action=maybe_recompile pc=0x0000024555b7d270 method=java.lang.reflect.Method.equals(Ljava/lang/Object;)Z @ 1 c2
Event: 54.128 Thread 0x000002456f94c240 DEOPT PACKING pc=0x0000024555b7d270 sp=0x0000004a384fba30
Event: 54.128 Thread 0x000002456f94c240 DEOPT UNPACKING pc=0x00000245554f23a3 sp=0x0000004a384fb9b8 mode 2

Classes unloaded (0 events):
No events

Classes redefined (0 events):
No events

Internal exceptions (20 events):
Event: 11.760 Thread 0x000002456dd89be0 Exception <a 'java/lang/reflect/InvocationTargetException'{0x000000070b27e578}> (0x000000070b27e578) 
thrown [s\open\src\hotspot\share\runtime\reflection.cpp, line 1121]
Event: 11.995 Thread 0x000002456dd89be0 Exception <a 'java/io/FileNotFoundException'{0x000000070bb9c7c8}> (0x000000070bb9c7c8) 
thrown [s\open\src\hotspot\share\prims\jni.cpp, line 516]
Event: 11.996 Thread 0x000002456dd89be0 Exception <a 'java/io/FileNotFoundException'{0x000000070bba88a8}> (0x000000070bba88a8) 
thrown [s\open\src\hotspot\share\prims\jni.cpp, line 516]
Event: 12.245 Thread 0x000002456dd89be0 Exception <a 'sun/nio/fs/WindowsException'{0x00000007050e9e98}> (0x00000007050e9e98) 
thrown [s\open\src\hotspot\share\prims\jni.cpp, line 516]
Event: 12.643 Thread 0x000002456dd89be0 Exception <a 'sun/nio/fs/WindowsException'{0x000000070b52ec20}> (0x000000070b52ec20) 
thrown [s\open\src\hotspot\share\prims\jni.cpp, line 516]
Event: 12.714 Thread 0x000002456dd89be0 Exception <a 'java/lang/IncompatibleClassChangeError'{0x00000007078eec68}: Found class java.lang.Object, but interface was expected> (0x00000007078eec68) 
thrown [s\open\src\hotspot\share\interpreter\linkResolver.cpp, line 826]
Event: 12.809 Thread 0x000002456dd89be0 Exception <a 'java/lang/NoSuchMethodError'{0x0000000706e8d730}: 'void java.lang.invoke.DirectMethodHandle$Holder.invokeVirtual(java.lang.Object, java.lang.Object, long)'> (0x0000000706e8d730) 
thrown [s\open\src\hotspot\share\interpreter\linkResolver.cpp, line 759]
Event: 12.896 Thread 0x000002456dd89be0 Exception <a 'java/lang/NoSuchMethodError'{0x0000000706b653a8}: 'int java.lang.invoke.DirectMethodHandle$Holder.invokeStaticInit(java.lang.Object, java.lang.Object, java.lang.Object, java.lang.Object)'> (0x0000000706b653a8) 
thrown [s\open\src\hotspot\share\interpreter\linkResolver.cpp, line 759]
Event: 12.967 Thread 0x000002456dd89be0 Exception <a 'java/lang/IncompatibleClassChangeError'{0x00000007067761f0}: Found class java.lang.Object, but interface was expected> (0x00000007067761f0) 
thrown [s\open\src\hotspot\share\interpreter\linkResolver.cpp, line 826]
Event: 13.313 Thread 0x000002456dd89be0 Exception <a 'java/lang/NoSuchMethodError'{0x0000000705789518}: 'java.lang.Object java.lang.invoke.DirectMethodHandle$Holder.newInvokeSpecial(java.lang.Object, java.lang.Object, int, java.lang.Object, java.lang.Object)'> (0x0000000705789518) 
thrown [s\open\src\hotspot\share\interpreter\linkResolver.cpp, line 759]
Event: 13.314 Thread 0x000002456dd89be0 Exception <a 'java/lang/NoSuchMethodError'{0x00000007057947c0}: 'java.lang.Object java.lang.invoke.DirectMethodHandle$Holder.invokeSpecial(java.lang.Object, java.lang.Object, int, java.lang.Object, int, java.lang.Object)'> (0x00000007057947c0) 
thrown [s\open\src\hotspot\share\interpreter\linkResolver.cpp, line 759]
Event: 13.314 Thread 0x000002456dd89be0 Exception <a 'java/lang/NoSuchMethodError'{0x000000070579cad8}: 'java.lang.Object java.lang.invoke.DirectMethodHandle$Holder.newInvokeSpecial(java.lang.Object, java.lang.Object, int, java.lang.Object, int)'> (0x000000070579cad8) 
thrown [s\open\src\hotspot\share\interpreter\linkResolver.cpp, line 759]
Event: 13.314 Thread 0x000002456dd89be0 Exception <a 'java/lang/NoSuchMethodError'{0x00000007057a0bd8}: 'java.lang.Object java.lang.invoke.DirectMethodHandle$Holder.invokeSpecial(java.lang.Object, java.lang.Object, java.lang.Object, int, java.lang.Object, int)'> (0x00000007057a0bd8) 
thrown [s\open\src\hotspot\share\interpreter\linkResolver.cpp, line 759]
Event: 13.399 Thread 0x000002456dd89be0 Exception <a 'java/lang/NoSuchMethodError'{0x0000000704cf8c98}: 'void java.lang.invoke.DirectMethodHandle$Holder.invokeSpecialIFC(java.lang.Object, java.lang.Object, int, java.lang.Object, java.lang.Object, java.lang.Object, java.lang.Object)'> (0x0000000704cf8c98) 
thrown [s\open\src\hotspot\share\interpreter\linkResolver.cpp, line 759]
Event: 13.521 Thread 0x000002456dd89be0 Exception <a 'java/lang/NoSuchMethodError'{0x000000070b9a36d0}: 'int java.lang.invoke.DirectMethodHandle$Holder.invokeStatic(java.lang.Object, java.lang.Object, int, int)'> (0x000000070b9a36d0) 
thrown [s\open\src\hotspot\share\interpreter\linkResolver.cpp, line 759]
Event: 13.529 Thread 0x000002456dd89be0 Exception <a 'java/lang/IncompatibleClassChangeError'{0x000000070b9ea758}: Found class java.lang.Object, but interface was expected> (0x000000070b9ea758) 
thrown [s\open\src\hotspot\share\interpreter\linkResolver.cpp, line 826]
Event: 13.552 Thread 0x000002456dd89be0 Implicit null exception at 0x0000024555f3b599 to 0x0000024555f3cb38
Event: 13.553 Thread 0x000002456dd89be0 Implicit null exception at 0x0000024555f41169 to 0x0000024555f41200
Event: 53.961 Thread 0x000002456f94c240 Exception <a 'java/lang/NoSuchMethodError'{0x00000007074a52e8}: 'java.lang.Object java.lang.invoke.DirectMethodHandle$Holder.invokeSpecial(java.lang.Object, java.lang.Object, java.lang.Object, java.lang.Object, java.lang.Object, long)'> (0x00000007074a52e8) 
thrown [s\open\src\hotspot\share\interpreter\linkResolver.cpp, line 759]
Event: 53.961 Thread 0x000002456f94c240 Exception <a 'java/lang/NoSuchMethodError'{0x00000007074a8ce0}: 'java.lang.Object java.lang.invoke.Invokers$Holder.linkToTargetMethod(java.lang.Object, java.lang.Object, java.lang.Object, long, java.lang.Object)'> (0x00000007074a8ce0) 
thrown [s\open\src\hotspot\share\interpreter\linkResolver.cpp, line 759]

VM Operations (20 events):
Event: 27.552 Executing VM operation: Cleanup
Event: 27.552 Executing VM operation: Cleanup done
Event: 30.569 Executing VM operation: Cleanup
Event: 30.569 Executing VM operation: Cleanup done
Event: 35.612 Executing VM operation: Cleanup
Event: 35.612 Executing VM operation: Cleanup done
Event: 53.985 Executing VM operation: HandshakeAllThreads
Event: 53.985 Executing VM operation: HandshakeAllThreads done
Event: 53.985 Executing VM operation: Cleanup
Event: 53.985 Executing VM operation: Cleanup done
Event: 54.068 Executing VM operation: HandshakeAllThreads
Event: 54.068 Executing VM operation: HandshakeAllThreads done
Event: 54.113 Executing VM operation: HandshakeAllThreads
Event: 54.114 Executing VM operation: HandshakeAllThreads done
Event: 54.114 Executing VM operation: HandshakeAllThreads
Event: 54.114 Executing VM operation: HandshakeAllThreads done
Event: 54.128 Executing VM operation: HandshakeAllThreads
Event: 54.145 Executing VM operation: HandshakeAllThreads done
Event: 54.145 Executing VM operation: HandshakeAllThreads
Event: 54.145 Executing VM operation: HandshakeAllThreads done

Events (20 events):
Event: 54.154 Thread 0x000002456d07de20 flushing nmethod 0x000002454ea82490
Event: 54.154 Thread 0x000002456d07de20 flushing nmethod 0x000002454ea82990
Event: 54.154 Thread 0x000002456d07de20 flushing nmethod 0x000002454ea82e10
Event: 54.154 Thread 0x000002456d07de20 flushing nmethod 0x000002454ea83510
Event: 54.154 Thread 0x000002456d07de20 flushing nmethod 0x000002454ea83f90
Event: 54.154 Thread 0x000002456d07de20 flushing nmethod 0x000002454ea84b90
Event: 54.154 Thread 0x000002456d07de20 flushing nmethod 0x000002454ea85310
Event: 54.154 Thread 0x000002456d07de20 flushing nmethod 0x000002454ea85a10
Event: 54.154 Thread 0x000002456d07de20 flushing nmethod 0x000002454ea8d710
Event: 54.154 Thread 0x000002456d07de20 flushing nmethod 0x000002454ea8dc10
Event: 54.154 Thread 0x000002456d07de20 flushing nmethod 0x000002454ea8ec90
Event: 54.154 Thread 0x000002456d07de20 flushing nmethod 0x000002454ea96890
Event: 54.154 Thread 0x000002456d07de20 flushing nmethod 0x000002454eaa1b90
Event: 54.154 Thread 0x000002456d07de20 flushing nmethod 0x000002454eaa8510
Event: 54.154 Thread 0x000002456d07de20 flushing nmethod 0x000002454eaaf690
Event: 54.154 Thread 0x000002456d07de20 flushing nmethod 0x000002454eab6f10
Event: 54.154 Thread 0x000002456d07de20 flushing nmethod 0x000002454eab7810
Event: 54.154 Thread 0x000002456d07de20 flushing nmethod 0x000002454eac6910
Event: 54.154 Thread 0x000002456d07de20 flushing nmethod 0x000002454eac9410
Event: 54.154 Thread 0x000002456d07de20 flushing nmethod 0x000002454eacb510


Dynamic libraries:
0x00007ff7a7640000 - 0x00007ff7a7650000 	C:\Program Files\Java\jdk-17\bin\java.exe
0x00007ffd85450000 - 0x00007ffd85648000 	C:\Windows\SYSTEM32\ntdll.dll
0x00007ffd83910000 - 0x00007ffd839cd000 	C:\Windows\System32\KERNEL32.DLL
0x00007ffd82f00000 - 0x00007ffd831f6000 	C:\Windows\System32\KERNELBASE.dll
0x00007ffd82cd0000 - 0x00007ffd82dd0000 	C:\Windows\System32\ucrtbase.dll
0x00007ffd77e80000 - 0x00007ffd77e9b000 	C:\Program Files\Java\jdk-17\bin\VCRUNTIME140.dll
0x00007ffd783e0000 - 0x00007ffd783f9000 	C:\Program Files\Java\jdk-17\bin\jli.dll
0x00007ffd848d0000 - 0x00007ffd84980000 	C:\Windows\System32\ADVAPI32.dll
0x00007ffd83ff0000 - 0x00007ffd8408e000 	C:\Windows\System32\msvcrt.dll
0x00007ffd841b0000 - 0x00007ffd84250000 	C:\Windows\System32\sechost.dll
0x00007ffd835c0000 - 0x00007ffd836e3000 	C:\Windows\System32\RPCRT4.dll
0x00007ffd82bf0000 - 0x00007ffd82c17000 	C:\Windows\System32\bcrypt.dll
0x00007ffd85270000 - 0x00007ffd8540f000 	C:\Windows\System32\USER32.dll
0x00007ffd82b00000 - 0x00007ffd82b22000 	C:\Windows\System32\win32u.dll
0x00007ffd84300000 - 0x00007ffd8432b000 	C:\Windows\System32\GDI32.dll
0x00007ffd83360000 - 0x00007ffd83477000 	C:\Windows\System32\gdi32full.dll
0x00007ffd82dd0000 - 0x00007ffd82e6d000 	C:\Windows\System32\msvcp_win.dll
0x00007ffd669a0000 - 0x00007ffd66c3a000 	C:\Windows\WinSxS\amd64_microsoft.windows.common-controls_6595b64144ccf1df_6.0.19041.3636_none_60b6a03d71f818d5\COMCTL32.dll
0x00007ffd6fdd0000 - 0x00007ffd6fdda000 	C:\Windows\SYSTEM32\VERSION.dll
0x00007ffd851d0000 - 0x00007ffd85202000 	C:\Windows\System32\IMM32.DLL
0x00007ffd7cd20000 - 0x00007ffd7cd2c000 	C:\Program Files\Java\jdk-17\bin\vcruntime140_1.dll
0x00007ffd5a2d0000 - 0x00007ffd5a35e000 	C:\Program Files\Java\jdk-17\bin\msvcp140.dll
0x00007ffd1af30000 - 0x00007ffd1bb11000 	C:\Program Files\Java\jdk-17\bin\server\jvm.dll
0x00007ffd84090000 - 0x00007ffd84098000 	C:\Windows\System32\PSAPI.DLL
0x00007ffd7e4a0000 - 0x00007ffd7e4a9000 	C:\Windows\SYSTEM32\WSOCK32.dll
0x00007ffd838a0000 - 0x00007ffd8390b000 	C:\Windows\System32\WS2_32.dll
0x00007ffd6fbb0000 - 0x00007ffd6fbd7000 	C:\Windows\SYSTEM32\WINMM.dll
0x00007ffd809b0000 - 0x00007ffd809c2000 	C:\Windows\SYSTEM32\kernel.appcore.dll
0x00007ffd61c50000 - 0x00007ffd61c5a000 	C:\Program Files\Java\jdk-17\bin\jimage.dll
0x00007ffd72c80000 - 0x00007ffd72e64000 	C:\Windows\SYSTEM32\DBGHELP.DLL
0x00007ffd72af0000 - 0x00007ffd72b24000 	C:\Windows\SYSTEM32\dbgcore.DLL
0x00007ffd82e70000 - 0x00007ffd82ef2000 	C:\Windows\System32\bcryptPrimitives.dll
0x00007ffd2c7c0000 - 0x00007ffd2c7e5000 	C:\Program Files\Java\jdk-17\bin\java.dll
0x00007ffd1a7f0000 - 0x00007ffd1a8c7000 	C:\Program Files\Java\jdk-17\bin\jsvml.dll
0x00007ffd84980000 - 0x00007ffd850eb000 	C:\Windows\System32\SHELL32.dll
0x00007ffd80bb0000 - 0x00007ffd8134e000 	C:\Windows\SYSTEM32\windows.storage.dll
0x00007ffd839d0000 - 0x00007ffd83d23000 	C:\Windows\System32\combase.dll
0x00007ffd82460000 - 0x00007ffd8248e000 	C:\Windows\SYSTEM32\Wldp.dll
0x00007ffd850f0000 - 0x00007ffd851bd000 	C:\Windows\System32\OLEAUT32.dll
0x00007ffd83d30000 - 0x00007ffd83ddd000 	C:\Windows\System32\SHCORE.dll
0x00007ffd83f90000 - 0x00007ffd83fe5000 	C:\Windows\System32\shlwapi.dll
0x00007ffd82a30000 - 0x00007ffd82a53000 	C:\Windows\SYSTEM32\profapi.dll
0x00007ffd5cb40000 - 0x00007ffd5cb59000 	C:\Program Files\Java\jdk-17\bin\net.dll
0x00007ffd79f80000 - 0x00007ffd7a08a000 	C:\Windows\SYSTEM32\WINHTTP.dll
0x00007ffd821c0000 - 0x00007ffd8222a000 	C:\Windows\system32\mswsock.dll
0x00007ffd52940000 - 0x00007ffd52956000 	C:\Program Files\Java\jdk-17\bin\nio.dll
0x00007ffd52920000 - 0x00007ffd52938000 	C:\Program Files\Java\jdk-17\bin\zip.dll
0x00007ffd80150000 - 0x00007ffd8015a000 	C:\Program Files\Java\jdk-17\bin\management.dll
0x00007ffd780f0000 - 0x00007ffd780fb000 	C:\Program Files\Java\jdk-17\bin\management_ext.dll
0x00007ffd780e0000 - 0x00007ffd780ee000 	C:\Program Files\Java\jdk-17\bin\sunmscapi.dll
0x00007ffd83200000 - 0x00007ffd8335e000 	C:\Windows\System32\CRYPT32.dll
0x00007ffd824d0000 - 0x00007ffd824f8000 	C:\Windows\SYSTEM32\ncrypt.dll
0x00007ffd82490000 - 0x00007ffd824cb000 	C:\Windows\SYSTEM32\NTASN1.dll
0x00007ffd823c0000 - 0x00007ffd823d8000 	C:\Windows\SYSTEM32\CRYPTSP.dll
0x00007ffd81ae0000 - 0x00007ffd81b14000 	C:\Windows\system32\rsaenh.dll
0x00007ffd829f0000 - 0x00007ffd82a1e000 	C:\Windows\SYSTEM32\USERENV.dll
0x00007ffd823b0000 - 0x00007ffd823bc000 	C:\Windows\SYSTEM32\CRYPTBASE.dll
0x00007ffd81ea0000 - 0x00007ffd81edb000 	C:\Windows\SYSTEM32\IPHLPAPI.DLL
0x00007ffd851c0000 - 0x00007ffd851c8000 	C:\Windows\System32\NSI.dll
0x00007ffd7d070000 - 0x00007ffd7d087000 	C:\Windows\SYSTEM32\dhcpcsvc6.DLL
0x00007ffd7d050000 - 0x00007ffd7d06d000 	C:\Windows\SYSTEM32\dhcpcsvc.DLL
0x00007ffd81ee0000 - 0x00007ffd81fab000 	C:\Windows\SYSTEM32\DNSAPI.dll
0x00007ffd7d0b0000 - 0x00007ffd7d0c0000 	C:\Program Files\Java\jdk-17\bin\verify.dll
0x00007ffd772d0000 - 0x00007ffd772da000 	C:\Windows\System32\rasadhlp.dll
0x00007ffd76da0000 - 0x00007ffd76e20000 	C:\Windows\System32\fwpuclnt.dll
0x00007ffd771f0000 - 0x00007ffd771f7000 	C:\Windows\system32\wshunix.dll

dbghelp: loaded successfully - version: 4.0.5 - missing functions: none
symbol engine: initialized successfully - sym options: 0x614 - pdb path: .;C:\Program Files\Java\jdk-17\bin;C:\Windows\SYSTEM32;C:\Windows\WinSxS\amd64_microsoft.windows.common-controls_6595b64144ccf1df_6.0.19041.3636_none_60b6a03d71f818d5;C:\Program Files\Java\jdk-17\bin\server

VM Arguments:
jvm_args: -Dfile.encoding=x-windows-949 -Duser.country=KR -Duser.language=ko -Duser.variant 
java_command: com.recommerceAPI.RecommerceApiApplication
java_class_path (initial): C:\Users\EZEN604-20\Desktop\recommerce\recommerceAPI\build\classes\java\main;C:\Users\EZEN604-20\Desktop\recommerce\recommerceAPI\build\resources\main;C:\Users\EZEN604-20\.gradle\caches\modules-2\files-2.1\org.springframework.boot\spring-boot-devtools\3.2.4\ccd261700a4ff8e8f629a4d267f0b4f53ca17897\spring-boot-devtools-3.2.4.jar;C:\Users\EZEN604-20\.gradle\caches\modules-2\files-2.1\org.springframework.boot\spring-boot-starter-data-jpa\3.2.4\d8c5f393d9b18d96021b3e02d80e4356c5cbe0f7\spring-boot-starter-data-jpa-3.2.4.jar;C:\Users\EZEN604-20\.gradle\caches\modules-2\files-2.1\org.springframework.boot\spring-boot-starter-thymeleaf\3.2.4\db900acbd0bbeb7a8682fe6aeb477d17fe501ac1\spring-boot-starter-thymeleaf-3.2.4.jar;C:\Users\EZEN604-20\.gradle\caches\modules-2\files-2.1\org.springframework.boot\spring-boot-starter-websocket\3.2.4\fd02f6a9ccbc66cf84c498d0eb4e8367a400769c\spring-boot-starter-websocket-3.2.4.jar;C:\Users\EZEN604-20\.gradle\caches\modules-2\files-2.1\org.springframework.boot\spring-boot-starter-web\3.2.4\a74df12b71060da7c8e87f9a8c2ef4ea43fc8017\spring-boot-starter-web-3.2.4.jar;C:\Users\EZEN604-20\.gradle\caches\modules-2\files-2.1\org.modelmapper\modelmapper\3.1.1\6636e94590e9d98e5e7db7e4fafcc15e9390e18d\modelmapper-3.1.1.jar;C:\Users\EZEN604-20\.gradle\caches\modules-2\files-2.1\org.springframework.boot\spring-boot-starter-security\3.2.4\a1b9f09832c42c6c079be67bf3e7989c54a338ff\spring-boot-starter-security-3.2.4.jar;C:\Users\EZEN604-20\.gradle\caches\modules-2\files-2.1\org.springframework.boot\spring-boot-starter-oauth2-client\3.2.4\df97ea80dcbe38200d9222dbc14a50b79e44fc65\spring-boot-starter-oauth2-client-3.2.4.jar;C:\Users\EZEN604-20\.gradle\caches\modules-2\files-2.1\com.google.code.gson\gson\2.10.1\b3add478d4382b78ea20b1671390a858002feb6c\gson-2.10.1.jar;C:\Users\EZEN604-20\.gradle\caches\modules-2\files-2.1\io.jsonwebtoken\jjwt-impl\0.11.5\40a599f0e8a8e4e0701596fbb15e67bfda64fdf0\jjwt-impl-0.11.5.jar;C:\Users\EZEN604-20\
Launcher Type: SUN_STANDARD

[Global flags]
     intx CICompilerCount                          = 3                                         {product} {ergonomic}
     uint ConcGCThreads                            = 1                                         {product} {ergonomic}
     uint G1ConcRefinementThreads                  = 4                                         {product} {ergonomic}
   size_t G1HeapRegionSize                         = 2097152                                   {product} {ergonomic}
    uintx GCDrainStackTargetSize                   = 64                                        {product} {ergonomic}
   size_t InitialHeapSize                          = 268435456                                 {product} {ergonomic}
   size_t MarkStackSize                            = 4194304                                   {product} {ergonomic}
   size_t MaxHeapSize                              = 4276092928                                {product} {ergonomic}
   size_t MaxNewSize                               = 2564816896                                {product} {ergonomic}
   size_t MinHeapDeltaBytes                        = 2097152                                   {product} {ergonomic}
   size_t MinHeapSize                              = 8388608                                   {product} {ergonomic}
    uintx NonNMethodCodeHeapSize                   = 5832780                                {pd product} {ergonomic}
    uintx NonProfiledCodeHeapSize                  = 122912730                              {pd product} {ergonomic}
    uintx ProfiledCodeHeapSize                     = 122912730                              {pd product} {ergonomic}
    uintx ReservedCodeCacheSize                    = 251658240                              {pd product} {ergonomic}
     bool SegmentedCodeCache                       = true                                      {product} {ergonomic}
   size_t SoftMaxHeapSize                          = 4276092928                             {manageable} {ergonomic}
     bool UseCompressedClassPointers               = true                           {product lp64_product} {ergonomic}
     bool UseCompressedOops                        = true                           {product lp64_product} {ergonomic}
     bool UseG1GC                                  = true                                      {product} {ergonomic}
     bool UseLargePagesIndividualAllocation        = false                                  {pd product} {ergonomic}

Logging:
Log output configuration:
 #0: stdout all=warning uptime,level,tags
 #1: stderr all=off uptime,level,tags

Environment Variables:
JAVA_HOME=C:\Program Files\Amazon Corretto\jdk17.0.10_7
PATH=C:\Program Files\Amazon Corretto\jdk17.0.10_7\bin;C:\Program Files\Amazon Corretto\jdk17.0.10_7\bin;C:\Windows\system32;C:\Windows;C:\Windows\System32\Wbem;C:\Windows\System32\WindowsPowerShell\v1.0\;C:\Windows\System32\OpenSSH\;C:\Program Files\nodejs\;C:\Program Files\Git\cmd;C:\Users\EZEN604-20\AppData\Local\Microsoft\WindowsApps;C:\Users\EZEN604-20\AppData\Local\Programs\Microsoft VS Code\bin;C:\Users\EZEN604-20\AppData\Roaming\npm;C:\Program Files\JetBrains\IntelliJ IDEA 2023.3.3\bin;;C:\Program Files\JetBrains\IntelliJ IDEA Community Edition 2023.3.4\bin;;C:\Users\EZEN604-20\AppData\Local\GitHubDesktop\bin
USERNAME=EZEN604-20
OS=Windows_NT
PROCESSOR_IDENTIFIER=Intel64 Family 6 Model 60 Stepping 3, GenuineIntel



---------------  S Y S T E M  ---------------

OS:
 Windows 10 , 64 bit Build 19041 (10.0.19041.3636)
OS uptime: 11 days 2:14 hours

CPU: total 4 (initial active 4) (4 cores per cpu, 1 threads per core) family 6 model 60 stepping 3 microcode 0x27, cx8, cmov, fxsr, mmx, sse, sse2, sse3, ssse3, sse4.1, sse4.2, popcnt, lzcnt, tsc, tscinvbit, avx, avx2, aes, erms, clmul, bmi1, bmi2, fma, vzeroupper, clflush

Memory: 4k page, system-wide physical 16305M (5075M free)
TotalPageFile size 31491M (AvailPageFile size 6M)
current process WorkingSet (physical memory assigned to process): 329M, peak: 336M
current process commit charge ("private bytes"): 365M, peak: 398M

vm_info: Java HotSpot(TM) 64-Bit Server VM (17.0.9+11-LTS-201) for windows-amd64 JRE (17.0.9+11-LTS-201), built on Oct 10 2023 23:16:06 by "mach5one" with MS VC++ 17.1 (VS2022)

END.
